mode: set
lemon_ssh/mssh/msftp.go:14.89,16.22 1 0
lemon_ssh/mssh/msftp.go:20.2,20.61 1 0
lemon_ssh/mssh/msftp.go:23.2,23.24 1 0
lemon_ssh/mssh/msftp.go:16.22,18.3 1 0
lemon_ssh/mssh/msftp.go:20.61,22.3 1 0
lemon_ssh/mssh/mssh.go:18.81,22.25 2 0
lemon_ssh/mssh/mssh.go:43.2,44.36 2 0
lemon_ssh/mssh/mssh.go:52.2,57.84 1 0
lemon_ssh/mssh/mssh.go:63.2,64.67 2 0
lemon_ssh/mssh/mssh.go:69.2,69.52 1 0
lemon_ssh/mssh/mssh.go:73.2,79.67 2 0
lemon_ssh/mssh/mssh.go:82.2,82.8 1 0
lemon_ssh/mssh/mssh.go:22.25,24.3 1 0
lemon_ssh/mssh/mssh.go:24.8,26.17 2 0
lemon_ssh/mssh/mssh.go:30.3,31.31 2 0
lemon_ssh/mssh/mssh.go:37.3,37.17 1 0
lemon_ssh/mssh/mssh.go:40.3,40.46 1 0
lemon_ssh/mssh/mssh.go:26.17,29.4 2 0
lemon_ssh/mssh/mssh.go:31.31,33.4 1 0
lemon_ssh/mssh/mssh.go:33.9,35.4 1 0
lemon_ssh/mssh/mssh.go:37.17,39.4 1 0
lemon_ssh/mssh/mssh.go:44.36,48.3 1 0
lemon_ssh/mssh/mssh.go:48.8,50.3 1 0
lemon_ssh/mssh/mssh.go:57.84,59.4 1 0
lemon_ssh/mssh/mssh.go:64.67,66.3 1 0
lemon_ssh/mssh/mssh.go:69.52,71.3 1 0
lemon_ssh/mssh/mssh.go:79.67,81.3 1 0
